[2021-03-23 10:40:30] [info] Start Program:
Path:"D:\\FacultyProjects\\OOP\\ClassmateProiect\\TemaLab2-4\\Debug\\TemaLab2-4.exe"
Arguments:
Working directory: "D:\\FacultyProjects\\OOP\\ClassmateProiect\\TemaLab2-4\\Debug"
Modules: Selected: D:\FacultyProjects\OOP\ClassmateProiect\TemaLab2-4\x64\Debug\TemaLab2-4.exe Excluded: 
Sources: Selected: D:\FacultyProjects\OOP\ClassmateProiect\TemaLab2-4\TemaLab2-4 Excluded: 
Log Level: Normal
Cover Children: 0
Aggregate by file: 1
Continue after C++ exception: 0
Optimized build support: 0
Export: binary C:\Users\Hodosi\AppData\Local\Temp\3x3d1rev.1gh 
Input coverage: 
Unified diff: 
Excluded line regular expressions: 
Substitute pdb source paths: 

[2021-03-23 10:40:43] [info] ----------------------------------------------------
[2021-03-23 10:40:43] [info] Coverage binary generated in file: C:\Users\Hodosi\AppData\Local\Temp\3x3d1rev.1gh
[2021-03-23 10:40:43] [info] ----------------------------------------------------
[2021-03-23 10:40:43] [warning] No modules were selected. Please check the values of --modules and --excluded_modules.
You can try to remove all --modules and --excluded_modules and use --modules=D:\FacultyProjects\OOP\ClassmateProiect\TemaLab2-4\Debug instead.
