d:\facultyprojects\oop\immobileadministrator2.0\immobileadmin\immobileadmin\debug\vc142.pdb
d:\facultyprojects\oop\immobileadministrator2.0\immobileadmin\immobileadmin\debug\vc142.idb
d:\facultyprojects\oop\immobileadministrator2.0\immobileadmin\immobileadmin\debug\validator.obj
d:\facultyprojects\oop\immobileadministrator2.0\immobileadmin\immobileadmin\debug\userinterface.obj
d:\facultyprojects\oop\immobileadministrator2.0\immobileadmin\immobileadmin\debug\test.obj
d:\facultyprojects\oop\immobileadministrator2.0\immobileadmin\immobileadmin\debug\service.obj
d:\facultyprojects\oop\immobileadministrator2.0\immobileadmin\immobileadmin\debug\repository.obj
d:\facultyprojects\oop\immobileadministrator2.0\immobileadmin\immobileadmin\debug\main.obj
d:\facultyprojects\oop\immobileadministrator2.0\immobileadmin\immobileadmin\debug\expense.obj
d:\facultyprojects\oop\immobileadministrator2.0\immobileadmin\immobileadmin\debug\dynamicvector.obj
d:\facultyprojects\oop\immobileadministrator2.0\immobileadmin\immobileadmin\debug\apartment.obj
d:\facultyprojects\oop\immobileadministrator2.0\immobileadmin\debug\immobileadmin.pdb
d:\facultyprojects\oop\immobileadministrator2.0\immobileadmin\debug\immobileadmin.exe
d:\facultyprojects\oop\immobileadministrator2.0\immobileadmin\debug\immobileadmin.ilk
d:\facultyprojects\oop\immobileadministrator2.0\immobileadmin\immobileadmin\debug\immobileadmin.tlog\cl.command.1.tlog
d:\facultyprojects\oop\immobileadministrator2.0\immobileadmin\immobileadmin\debug\immobileadmin.tlog\cl.read.1.tlog
d:\facultyprojects\oop\immobileadministrator2.0\immobileadmin\immobileadmin\debug\immobileadmin.tlog\cl.write.1.tlog
d:\facultyprojects\oop\immobileadministrator2.0\immobileadmin\immobileadmin\debug\immobileadmin.tlog\link.command.1.tlog
d:\facultyprojects\oop\immobileadministrator2.0\immobileadmin\immobileadmin\debug\immobileadmin.tlog\link.read.1.tlog
d:\facultyprojects\oop\immobileadministrator2.0\immobileadmin\immobileadmin\debug\immobileadmin.tlog\link.write.1.tlog
