Compiling the C compiler identification source file "CMakeCCompilerId.c" failed.
Compiler: C:/Program Files (x86)/Microsoft Visual Studio/2019/Community/VC/Tools/MSVC/14.28.29910/bin/Hostx64/x64/cl.exe 
Build flags: 
Id flags:  

The output was:
2
Microsoft (R) C/C++ Optimizing Compiler Version 19.28.29912 for x64
Copyright (C) Microsoft Corporation.  All rights reserved.

CMakeCCompilerId.c
Microsoft (R) Incremental Linker Version 14.28.29912.0
Copyright (C) Microsoft Corporation.  All rights reserved.

/out:CMakeCCompilerId.exe 
CMakeCCompilerId.obj 
LINK : fatal error LNK1104: cannot open file 'LIBCMT.lib'


Detecting C compiler ABI info failed to compile with the following output:
Change Dir: D:/FacultyProjects/OOP/ImmobileAdministrator/out/build/x64-Debug/CMakeFiles/CMakeTmp

Run Build Command(s):C:/Program Files (x86)/Microsoft Visual Studio/2019/Community/Common7/IDE/CommonExtensions/Microsoft/CMake/Ninja/ninja.exe cmTC_8558d && [1/2] Building C object CMakeFiles\cmTC_8558d.dir\CMakeCCompilerABI.c.obj
[2/2] Linking C executable cmTC_8558d.exe
FAILED: cmTC_8558d.exe 
cmd.exe /C "cd . && "C:\Program Files (x86)\Microsoft Visual Studio\2019\Community\Common7\IDE\CommonExtensions\Microsoft\CMake\CMake\bin\cmake.exe" -E vs_link_exe --intdir=CMakeFiles\cmTC_8558d.dir --rc=C:\PROGRA~2\WI3CF2~1\10\bin\100190~1.0\x64\rc.exe --mt=C:\PROGRA~2\WI3CF2~1\10\bin\100190~1.0\x64\mt.exe --manifests  -- C:\PROGRA~2\MICROS~3\2019\COMMUN~1\VC\Tools\MSVC\1428~1.299\bin\Hostx64\x64\link.exe /nologo CMakeFiles\cmTC_8558d.dir\CMakeCCompilerABI.c.obj  /out:cmTC_8558d.exe /implib:cmTC_8558d.lib /pdb:cmTC_8558d.pdb /version:0.0 /machine:x64  /debug /INCREMENTAL /subsystem:console  kernel32.lib user32.lib gdi32.lib winspool.lib shell32.lib ole32.lib oleaut32.lib uuid.lib comdlg32.lib advapi32.lib && cd ."
LINK Pass 1: command "C:\PROGRA~2\MICROS~3\2019\COMMUN~1\VC\Tools\MSVC\1428~1.299\bin\Hostx64\x64\link.exe /nologo CMakeFiles\cmTC_8558d.dir\CMakeCCompilerABI.c.obj /out:cmTC_8558d.exe /implib:cmTC_8558d.lib /pdb:cmTC_8558d.pdb /version:0.0 /machine:x64 /debug /INCREMENTAL /subsystem:console kernel32.lib user32.lib gdi32.lib winspool.lib shell32.lib ole32.lib oleaut32.lib uuid.lib comdlg32.lib advapi32.lib /MANIFEST /MANIFESTFILE:CMakeFiles\cmTC_8558d.dir/intermediate.manifest CMakeFiles\cmTC_8558d.dir/manifest.res" failed (exit code 1104) with the following output:
LINK : fatal error LNK1104: cannot open file 'MSVCRTD.lib'
ninja: build stopped: subcommand failed.




Determining if the C compiler works failed with the following output:
Change Dir: D:/FacultyProjects/OOP/ImmobileAdministrator/out/build/x64-Debug/CMakeFiles/CMakeTmp

Run Build Command(s):C:/Program Files (x86)/Microsoft Visual Studio/2019/Community/Common7/IDE/CommonExtensions/Microsoft/CMake/Ninja/ninja.exe cmTC_c1c7a && [1/2] Building C object CMakeFiles\cmTC_c1c7a.dir\testCCompiler.c.obj
[2/2] Linking C executable cmTC_c1c7a.exe
FAILED: cmTC_c1c7a.exe 
cmd.exe /C "cd . && "C:\Program Files (x86)\Microsoft Visual Studio\2019\Community\Common7\IDE\CommonExtensions\Microsoft\CMake\CMake\bin\cmake.exe" -E vs_link_exe --intdir=CMakeFiles\cmTC_c1c7a.dir --rc=C:\PROGRA~2\WI3CF2~1\10\bin\100190~1.0\x64\rc.exe --mt=C:\PROGRA~2\WI3CF2~1\10\bin\100190~1.0\x64\mt.exe --manifests  -- C:\PROGRA~2\MICROS~3\2019\COMMUN~1\VC\Tools\MSVC\1428~1.299\bin\Hostx64\x64\link.exe /nologo CMakeFiles\cmTC_c1c7a.dir\testCCompiler.c.obj  /out:cmTC_c1c7a.exe /implib:cmTC_c1c7a.lib /pdb:cmTC_c1c7a.pdb /version:0.0 /machine:x64  /debug /INCREMENTAL /subsystem:console  kernel32.lib user32.lib gdi32.lib winspool.lib shell32.lib ole32.lib oleaut32.lib uuid.lib comdlg32.lib advapi32.lib && cd ."
LINK Pass 1: command "C:\PROGRA~2\MICROS~3\2019\COMMUN~1\VC\Tools\MSVC\1428~1.299\bin\Hostx64\x64\link.exe /nologo CMakeFiles\cmTC_c1c7a.dir\testCCompiler.c.obj /out:cmTC_c1c7a.exe /implib:cmTC_c1c7a.lib /pdb:cmTC_c1c7a.pdb /version:0.0 /machine:x64 /debug /INCREMENTAL /subsystem:console kernel32.lib user32.lib gdi32.lib winspool.lib shell32.lib ole32.lib oleaut32.lib uuid.lib comdlg32.lib advapi32.lib /MANIFEST /MANIFESTFILE:CMakeFiles\cmTC_c1c7a.dir/intermediate.manifest CMakeFiles\cmTC_c1c7a.dir/manifest.res" failed (exit code 1104) with the following output:
LINK : fatal error LNK1104: cannot open file 'MSVCRTD.lib'
ninja: build stopped: subcommand failed.



