[2021-03-23 18:08:30] [info] Start Program:
Path:"D:\\FacultyProjects\\OOP\\ImmobileAdministrator2.0\\ImmobileAdmin\\x64\\Debug\\ImmobileAdmin.exe"
Arguments:
Working directory: "D:\\FacultyProjects\\OOP\\ImmobileAdministrator2.0\\ImmobileAdmin\\ImmobileAdmin\\"
Modules: Selected: D:\FacultyProjects\OOP\ImmobileAdministrator2.0\ImmobileAdmin\x64\Debug\ImmobileAdmin.exe Excluded: 
Sources: Selected: D:\FacultyProjects\OOP\ImmobileAdministrator2.0\ImmobileAdmin\ImmobileAdmin Excluded: 
Log Level: Normal
Cover Children: 0
Aggregate by file: 1
Continue after C++ exception: 0
Optimized build support: 0
Export: binary C:\Users\Hodosi\AppData\Local\Temp\i5kls1ef.j25 
Input coverage: 
Unified diff: 
Excluded line regular expressions: 
Substitute pdb source paths: 

[2021-03-23 18:08:30] [info] Module: D:\FacultyProjects\OOP\ImmobileAdministrator2.0\ImmobileAdmin\x64\Debug\ImmobileAdmin.exe is selected because it matches selected pattern: D:\FacultyProjects\OOP\ImmobileAdministrator2.0\ImmobileAdmin\x64\Debug\ImmobileAdmin.exe
[2021-03-23 18:08:31] [info] ----------------------------------------------------
[2021-03-23 18:08:31] [info] Coverage binary generated in file: C:\Users\Hodosi\AppData\Local\Temp\i5kls1ef.j25
[2021-03-23 18:08:31] [info] ----------------------------------------------------
