<<<<<<< HEAD
<<<<<<< HEAD
[2021-04-22 11:18:13] [info] Start Program:
=======
[2021-04-15 10:19:26] [info] Start Program:
>>>>>>> 0e98786e1e605535b168fa2c5265bf61cf2746f9
=======
[2021-04-15 10:19:26] [info] Start Program:
>>>>>>> 0e98786e1e605535b168fa2c5265bf61cf2746f9
Path:"D:\\FacultyProjects\\OOP\\TravelAgency\\Travel_Agency\\Debug\\Travel_Agency.exe"
Arguments:
Working directory: "D:\\FacultyProjects\\OOP\\TravelAgency\\Travel_Agency\\Travel_Agency\\"
Modules: Selected: D:\FacultyProjects\OOP\TravelAgency\Travel_Agency\Debug\Travel_Agency.exe Excluded: 
Sources: Selected: D:\FacultyProjects\OOP\TravelAgency\Travel_Agency\Travel_Agency Excluded: 
Log Level: Normal
Cover Children: 0
Aggregate by file: 1
Continue after C++ exception: 0
Optimized build support: 0
<<<<<<< HEAD
<<<<<<< HEAD
Export: binary C:\Users\Hodosi\AppData\Local\Temp\dmnu4nqj.zgi 
=======
Export: binary C:\Users\Hodosi\AppData\Local\Temp\ianrunta.q3q 
>>>>>>> 0e98786e1e605535b168fa2c5265bf61cf2746f9
=======
Export: binary C:\Users\Hodosi\AppData\Local\Temp\ianrunta.q3q 
>>>>>>> 0e98786e1e605535b168fa2c5265bf61cf2746f9
Input coverage: 
Unified diff: 
Excluded line regular expressions: 
Substitute pdb source paths: 

<<<<<<< HEAD
<<<<<<< HEAD
[2021-04-22 11:18:13] [info] Module: D:\FacultyProjects\OOP\TravelAgency\Travel_Agency\Debug\Travel_Agency.exe is selected because it matches selected pattern: D:\FacultyProjects\OOP\TravelAgency\Travel_Agency\Debug\Travel_Agency.exe
[2021-04-22 11:18:14] [info] ----------------------------------------------------
[2021-04-22 11:18:14] [info] Coverage binary generated in file: C:\Users\Hodosi\AppData\Local\Temp\dmnu4nqj.zgi
[2021-04-22 11:18:14] [info] ----------------------------------------------------
=======
=======
>>>>>>> 0e98786e1e605535b168fa2c5265bf61cf2746f9
[2021-04-15 10:19:27] [info] Module: D:\FacultyProjects\OOP\TravelAgency\Travel_Agency\Debug\Travel_Agency.exe is selected because it matches selected pattern: D:\FacultyProjects\OOP\TravelAgency\Travel_Agency\Debug\Travel_Agency.exe
[2021-04-15 10:19:27] [info] ----------------------------------------------------
[2021-04-15 10:19:27] [info] Coverage binary generated in file: C:\Users\Hodosi\AppData\Local\Temp\ianrunta.q3q
[2021-04-15 10:19:27] [info] ----------------------------------------------------
<<<<<<< HEAD
>>>>>>> 0e98786e1e605535b168fa2c5265bf61cf2746f9
=======
>>>>>>> 0e98786e1e605535b168fa2c5265bf61cf2746f9
