d:\facultyprojects\oop\travelagency\travel_agency\travel_agency\debug\vc142.pdb
d:\facultyprojects\oop\travelagency\travel_agency\travel_agency\debug\vc142.idb
d:\facultyprojects\oop\travelagency\travel_agency\travel_agency\debug\wishlist.nativecodeanalysis.sarif
d:\facultyprojects\oop\travelagency\travel_agency\travel_agency\debug\wishlist.nativecodeanalysis.xml
d:\facultyprojects\oop\travelagency\travel_agency\travel_agency\debug\valueobject.nativecodeanalysis.sarif
d:\facultyprojects\oop\travelagency\travel_agency\travel_agency\debug\valueobject.nativecodeanalysis.xml
d:\facultyprojects\oop\travelagency\travel_agency\travel_agency\debug\validator.nativecodeanalysis.sarif
d:\facultyprojects\oop\travelagency\travel_agency\travel_agency\debug\validator.nativecodeanalysis.xml
d:\facultyprojects\oop\travelagency\travel_agency\travel_agency\debug\userinterface.nativecodeanalysis.sarif
d:\facultyprojects\oop\travelagency\travel_agency\travel_agency\debug\userinterface.nativecodeanalysis.xml
d:\facultyprojects\oop\travelagency\travel_agency\travel_agency\debug\test.nativecodeanalysis.sarif
d:\facultyprojects\oop\travelagency\travel_agency\travel_agency\debug\test.nativecodeanalysis.xml
d:\facultyprojects\oop\travelagency\travel_agency\travel_agency\debug\service.nativecodeanalysis.sarif
d:\facultyprojects\oop\travelagency\travel_agency\travel_agency\debug\service.nativecodeanalysis.xml
d:\facultyprojects\oop\travelagency\travel_agency\travel_agency\debug\repository.nativecodeanalysis.sarif
d:\facultyprojects\oop\travelagency\travel_agency\travel_agency\debug\repository.nativecodeanalysis.xml
<<<<<<< HEAD
<<<<<<< HEAD
=======
=======
>>>>>>> 0e98786e1e605535b168fa2c5265bf61cf2746f9
d:\facultyprojects\oop\travelagency\travel_agency\travel_agency\debug\main.nativecodeanalysis.sarif
d:\facultyprojects\oop\travelagency\travel_agency\travel_agency\debug\main.nativecodeanalysis.xml
d:\facultyprojects\oop\travelagency\travel_agency\travel_agency\debug\exception.nativecodeanalysis.sarif
d:\facultyprojects\oop\travelagency\travel_agency\travel_agency\debug\exception.nativecodeanalysis.xml
d:\facultyprojects\oop\travelagency\travel_agency\travel_agency\debug\dynamicarray.nativecodeanalysis.sarif
d:\facultyprojects\oop\travelagency\travel_agency\travel_agency\debug\dynamicarray.nativecodeanalysis.xml
d:\facultyprojects\oop\travelagency\travel_agency\travel_agency\debug\dynamicarray.obj
d:\facultyprojects\oop\travelagency\travel_agency\travel_agency\debug\exception.obj
d:\facultyprojects\oop\travelagency\travel_agency\travel_agency\debug\main.obj
<<<<<<< HEAD
>>>>>>> 0e98786e1e605535b168fa2c5265bf61cf2746f9
=======
>>>>>>> 0e98786e1e605535b168fa2c5265bf61cf2746f9
d:\facultyprojects\oop\travelagency\travel_agency\travel_agency\debug\repository.obj
d:\facultyprojects\oop\travelagency\travel_agency\travel_agency\debug\service.obj
d:\facultyprojects\oop\travelagency\travel_agency\travel_agency\debug\test.obj
d:\facultyprojects\oop\travelagency\travel_agency\travel_agency\debug\userinterface.obj
d:\facultyprojects\oop\travelagency\travel_agency\travel_agency\debug\validator.obj
d:\facultyprojects\oop\travelagency\travel_agency\travel_agency\debug\valueobject.obj
d:\facultyprojects\oop\travelagency\travel_agency\travel_agency\debug\wishlist.obj
<<<<<<< HEAD
<<<<<<< HEAD
d:\facultyprojects\oop\travelagency\travel_agency\travel_agency\debug\main.nativecodeanalysis.sarif
d:\facultyprojects\oop\travelagency\travel_agency\travel_agency\debug\main.nativecodeanalysis.xml
d:\facultyprojects\oop\travelagency\travel_agency\travel_agency\debug\main.obj
d:\facultyprojects\oop\travelagency\travel_agency\debug\travel_agency.ilk
d:\facultyprojects\oop\travelagency\travel_agency\debug\travel_agency.exe
=======
d:\facultyprojects\oop\travelagency\travel_agency\debug\travel_agency.exe
d:\facultyprojects\oop\travelagency\travel_agency\debug\travel_agency.ilk
>>>>>>> 0e98786e1e605535b168fa2c5265bf61cf2746f9
=======
d:\facultyprojects\oop\travelagency\travel_agency\debug\travel_agency.exe
d:\facultyprojects\oop\travelagency\travel_agency\debug\travel_agency.ilk
>>>>>>> 0e98786e1e605535b168fa2c5265bf61cf2746f9
d:\facultyprojects\oop\travelagency\travel_agency\debug\travel_agency.pdb
d:\facultyprojects\oop\travelagency\travel_agency\travel_agency\debug\vc.nativecodeanalysis.all.xml
d:\facultyprojects\oop\travelagency\travel_agency\travel_agency\debug\travel_agency.tlog\cl.command.1.tlog
d:\facultyprojects\oop\travelagency\travel_agency\travel_agency\debug\travel_agency.tlog\cl.read.1.tlog
d:\facultyprojects\oop\travelagency\travel_agency\travel_agency\debug\travel_agency.tlog\cl.write.1.tlog
d:\facultyprojects\oop\travelagency\travel_agency\travel_agency\debug\travel_agency.tlog\link.command.1.tlog
d:\facultyprojects\oop\travelagency\travel_agency\travel_agency\debug\travel_agency.tlog\link.read.1.tlog
d:\facultyprojects\oop\travelagency\travel_agency\travel_agency\debug\travel_agency.tlog\link.write.1.tlog
