  main.cpp
  Travel_Agency.vcxproj -> D:\FacultyProjects\OOP\TravelAgency\Travel_Agency\Debug\Travel_Agency.exe
D:\FacultyProjects\OOP\TravelAgency\Travel_Agency\Travel_Agency\ValueObject.h(23): warning C26455: Default constructor may not throw. Declare it 'noexcept' (f.6).
D:\FacultyProjects\OOP\TravelAgency\Travel_Agency\Travel_Agency\ValueObject.h(48): warning C26432: If you define or delete any default operation in the type 'class TouristOffer', define or delete them all (c.21).
D:\FacultyProjects\OOP\TravelAgency\Travel_Agency\Travel_Agency\ValueObject.h(115): warning C26455: Default constructor may not throw. Declare it 'noexcept' (f.6).
D:\FacultyProjects\OOP\TravelAgency\Travel_Agency\Travel_Agency\Repository.h(41): warning C26432: If you define or delete any default operation in the type 'class Repository', define or delete them all (c.21).
D:\FacultyProjects\OOP\TravelAgency\Travel_Agency\Travel_Agency\Undo.h(17): warning C26432: If you define or delete any default operation in the type 'class UndoAction', define or delete them all (c.21).
D:\FacultyProjects\OOP\TravelAgency\Travel_Agency\Travel_Agency\Repository.cpp(3): warning C26435: Function 'MemoryRepository::addOffer' should specify exactly one of 'virtual', 'override', or 'final' (c.128).
D:\FacultyProjects\OOP\TravelAgency\Travel_Agency\Travel_Agency\Repository.cpp(15): warning C26435: Function 'MemoryRepository::modifyOffer' should specify exactly one of 'virtual', 'override', or 'final' (c.128).
D:\FacultyProjects\OOP\TravelAgency\Travel_Agency\Travel_Agency\Repository.cpp(33): warning C26435: Function 'MemoryRepository::deleteOffer' should specify exactly one of 'virtual', 'override', or 'final' (c.128).
D:\FacultyProjects\OOP\TravelAgency\Travel_Agency\Travel_Agency\DynamicArray.h(125): warning C26481: Don't use pointer arithmetic. Use span instead (bounds.1).
D:\FacultyProjects\OOP\TravelAgency\Travel_Agency\Travel_Agency\DynamicArray.h(105): warning C26481: Don't use pointer arithmetic. Use span instead (bounds.1).
D:\FacultyProjects\OOP\TravelAgency\Travel_Agency\Travel_Agency\DynamicArray.h(80): warning C26481: Don't use pointer arithmetic. Use span instead (bounds.1).
D:\FacultyProjects\OOP\TravelAgency\Travel_Agency\Travel_Agency\DynamicArray.h(62): warning C26401: Do not delete a raw pointer that is not an owner<T> (i.11).
D:\FacultyProjects\OOP\TravelAgency\Travel_Agency\Travel_Agency\DynamicArray.h(62): warning C26409: Avoid calling new and delete explicitly, use std::make_unique<T> instead (r.11).
D:\FacultyProjects\OOP\TravelAgency\Travel_Agency\Travel_Agency\DynamicArray.h(63): warning C26409: Avoid calling new and delete explicitly, use std::make_unique<T> instead (r.11).
D:\FacultyProjects\OOP\TravelAgency\Travel_Agency\Travel_Agency\DynamicArray.h(57): warning C26432: If you define or delete any default operation in the type 'class DynamicVector<int>', define or delete them all (c.21).
D:\FacultyProjects\OOP\TravelAgency\Travel_Agency\Travel_Agency\DynamicArray.h(68): warning C26481: Don't use pointer arithmetic. Use span instead (bounds.1).
D:\FacultyProjects\OOP\TravelAgency\Travel_Agency\Travel_Agency\DynamicArray.h(41): warning C26401: Do not delete a raw pointer that is not an owner<T> (i.11).
D:\FacultyProjects\OOP\TravelAgency\Travel_Agency\Travel_Agency\DynamicArray.h(41): warning C26409: Avoid calling new and delete explicitly, use std::make_unique<T> instead (r.11).
D:\FacultyProjects\OOP\TravelAgency\Travel_Agency\Travel_Agency\DynamicArray.h(35): warning C26409: Avoid calling new and delete explicitly, use std::make_unique<T> instead (r.11).
D:\FacultyProjects\OOP\TravelAgency\Travel_Agency\Travel_Agency\DynamicArray.h(35): warning C26447: The function is declared 'noexcept' but calls function 'operator new[]()' which may throw exceptions (f.6).
D:\FacultyProjects\OOP\TravelAgency\Travel_Agency\Travel_Agency\DynamicArray.h(149): warning C26481: Don't use pointer arithmetic. Use span instead (bounds.1).
D:\FacultyProjects\OOP\TravelAgency\Travel_Agency\Travel_Agency\DynamicArray.h(146): warning C26440: Function 'IteratorVector<int>::IteratorVector<int>' can be declared 'noexcept' (f.6).
D:\FacultyProjects\OOP\TravelAgency\Travel_Agency\Travel_Agency\DynamicArray.h(145): warning C26440: Function 'IteratorVector<int>::IteratorVector<int>' can be declared 'noexcept' (f.6).
D:\FacultyProjects\OOP\TravelAgency\Travel_Agency\Travel_Agency\DynamicArray.h(17): warning C26409: Avoid calling new and delete explicitly, use std::make_unique<T> instead (r.11).
D:\FacultyProjects\OOP\TravelAgency\Travel_Agency\Travel_Agency\DynamicArray.h(17): warning C26400: Do not assign the result of an allocation or a function call with an owner<T> return value to a raw pointer, use owner<T> instead (i.11).
D:\FacultyProjects\OOP\TravelAgency\Travel_Agency\Travel_Agency\DynamicArray.h(25): warning C26401: Do not delete a raw pointer that is not an owner<T> (i.11).
D:\FacultyProjects\OOP\TravelAgency\Travel_Agency\Travel_Agency\DynamicArray.h(25): warning C26409: Avoid calling new and delete explicitly, use std::make_unique<T> instead (r.11).
D:\FacultyProjects\OOP\TravelAgency\Travel_Agency\Travel_Agency\DynamicArray.h(20): warning C26481: Don't use pointer arithmetic. Use span instead (bounds.1).
